<?xml version="1.0" encoding="UTF-8"?>
<!-- Generated by org.testng.reporters.JUnitReportReporter -->
<testsuite hostname="DESKTOP-NILUJD3" failures="0" tests="2" name="com.ebizcharge.tests.EBizChargeTest" time="43.888" errors="0" timestamp="2025-02-19T14:10:29 PST" skipped="0">
  <testcase classname="com.ebizcharge.tests.EBizChargeTest" name="testQuickBooksDownload" time="19.963"/>
  <testcase classname="com.ebizcharge.tests.EBizChargeTest" name="testAcumaticaDownload" time="23.925"/>
</testsuite> <!-- com.ebizcharge.tests.EBizChargeTest -->
